app/build/intermediates/manifest_merge_blame_file/debug/manifest-merger-blame-debug-report.txt
1<?xml version="1.0" encoding="utf-8"?>
2<manifest xmlns:android="http://schemas.android.com/apk/res/android"
3    package="ru.fefu.activitytracker"
4    android:versionCode="1"
5    android:versionName="1.0" >
6
7    <uses-sdk
8        android:minSdkVersion="26"
8-->src\main\AndroidManifest.xml
9        android:targetSdkVersion="31" />
9-->src\main\AndroidManifest.xml
10
11    <application
11-->src\main\AndroidManifest.xml:5:5-45:19
12        android:name="ru.fefu.activitytracker.main_page.App"
12-->src\main\AndroidManifest.xml:6:9-38
13        android:allowBackup="false"
13-->src\main\AndroidManifest.xml:7:9-36
14        android:appComponentFactory="androidx.core.app.CoreComponentFactory"
14-->[androidx.core:core:1.7.0] AndroidManifest.xml:24:18-86
15        android:debuggable="true"
16        android:extractNativeLibs="false"
17        android:icon="@mipmap/ic_launcher"
17-->src\main\AndroidManifest.xml:8:9-43
18        android:label="@string/app_name"
18-->src\main\AndroidManifest.xml:9:9-41
19        android:roundIcon="@mipmap/ic_launcher_round"
19-->src\main\AndroidManifest.xml:10:9-54
20        android:supportsRtl="true"
20-->src\main\AndroidManifest.xml:11:9-35
21        android:testOnly="true"
22        android:theme="@style/Theme.Activity" >
22-->src\main\AndroidManifest.xml:12:9-46
23        <activity
23-->src\main\AndroidManifest.xml:13:9-19:20
24            android:name="ru.fefu.activitytracker.main_page.map.NewActivity"
24-->src\main\AndroidManifest.xml:14:13-54
25            android:exported="true"
25-->src\main\AndroidManifest.xml:15:13-36
26            android:label="@string/title_activity_new"
26-->src\main\AndroidManifest.xml:16:13-55
27            android:theme="@style/Theme.Activity.NoActionBar" >
27-->src\main\AndroidManifest.xml:18:13-62
28        </activity>
29        <activity
29-->src\main\AndroidManifest.xml:20:9-24:20
30            android:name="ru.fefu.activitytracker.main_page.MainActivity"
30-->src\main\AndroidManifest.xml:21:13-51
31            android:exported="true"
31-->src\main\AndroidManifest.xml:22:13-36
32            android:label="@string/title_activity_main" >
32-->src\main\AndroidManifest.xml:23:13-56
33        </activity>
34        <activity
34-->src\main\AndroidManifest.xml:25:9-36:20
35            android:name="ru.fefu.activitytracker.welcome.WelcomeActivity"
35-->src\main\AndroidManifest.xml:26:13-52
36            android:exported="true" >
36-->src\main\AndroidManifest.xml:27:13-36
37            <intent-filter>
37-->src\main\AndroidManifest.xml:29:14-34:30
38                <action android:name="android.intent.action.MAIN" />
38-->src\main\AndroidManifest.xml:30:14-66
38-->src\main\AndroidManifest.xml:30:22-63
39
40                <category android:name="android.intent.category.LAUNCHER" />
40-->src\main\AndroidManifest.xml:33:14-74
40-->src\main\AndroidManifest.xml:33:24-71
41            </intent-filter>
42        </activity>
43        <activity
43-->src\main\AndroidManifest.xml:37:9-40:58
44            android:name="ru.fefu.activitytracker.welcome.LoginActivity"
44-->src\main\AndroidManifest.xml:38:13-50
45            android:exported="true"
45-->src\main\AndroidManifest.xml:39:13-36
46            android:windowSoftInputMode="adjustResize" />
46-->src\main\AndroidManifest.xml:40:13-55
47        <activity
47-->src\main\AndroidManifest.xml:41:9-44:58
48            android:name="ru.fefu.activitytracker.welcome.RegistrationActivity"
48-->src\main\AndroidManifest.xml:42:13-57
49            android:exported="true"
49-->src\main\AndroidManifest.xml:43:13-36
50            android:windowSoftInputMode="adjustResize" />
50-->src\main\AndroidManifest.xml:44:13-55
51
52        <service
52-->[androidx.room:room-runtime:2.3.0] AndroidManifest.xml:25:9-28:40
53            android:name="androidx.room.MultiInstanceInvalidationService"
53-->[androidx.room:room-runtime:2.3.0] AndroidManifest.xml:26:13-74
54            android:directBootAware="true"
54-->[androidx.room:room-runtime:2.3.0] AndroidManifest.xml:27:13-43
55            android:exported="false" />
55-->[androidx.room:room-runtime:2.3.0] AndroidManifest.xml:28:13-37
56    </application>
57
58</manifest>